[dotenv@17.3.1] injecting env (5) from .env -- tip: ⚙️  load multiple .env files with { path: ['.env.local', '.env'] }
God-Tier Enterprise Server Initialized. PM2 Ready.
[dotenv@17.3.1] injecting env (5) from .env -- tip: 🛡️ auth for agents: https://vestauth.com
God-Tier Enterprise Server Initialized. PM2 Ready.
[USER_SUBSCRIBE] SUCCESS { chatId: 1472382152 }
[LOCATION_UPDATE] SUCCESS { chatId: 1472382152 }
[dotenv@17.3.1] injecting env (5) from .env -- tip: 🛠️  run anywhere with `dotenvx run -- yourcommand`
God-Tier Enterprise Server Initialized. PM2 Ready.
[dotenv@17.3.1] injecting env (5) from .env -- tip: ⚙️  enable debug logging with { debug: true }
God-Tier Enterprise Server Initialized. PM2 Ready.
[dotenv@17.3.1] injecting env (5) from .env -- tip: 🛡️ auth for agents: https://vestauth.com
God-Tier Enterprise Server Initialized. PM2 Ready.
[USER_SUBSCRIBE] SUCCESS { chatId: 6266003398 }
[USER_SUBSCRIBE] SUCCESS { chatId: 6266003398 }
[USER_SUBSCRIBE] SUCCESS { chatId: 5539924076 }
[MANUAL_WEATHER_FAIL] ERROR { chatId: 5073552268, error: 'connect ETIMEDOUT 15.235.227.40:443' }
[USER_SUBSCRIBE] SUCCESS { chatId: 6917507835 }
[USER_SUBSCRIBE] SUCCESS { chatId: 6917507835 }
[LOCATION_UPDATE] SUCCESS { chatId: 6917507835 }
[USER_SUBSCRIBE] SUCCESS { chatId: 1725894174 }
[LOCATION_UPDATE] SUCCESS { chatId: 1725894174 }
[CRON_START] INFO { useAI: false }
[dotenv@17.3.1] injecting env (5) from .env -- tip: ⚙️  load multiple .env files with { path: ['.env.local', '.env'] }
God-Tier Enterprise Server Initialized. PM2 Ready.
[dotenv@17.3.1] injecting env (5) from .env -- tip: ⚙️  override existing env vars with { override: true }
God-Tier Enterprise Server Initialized. PM2 Ready.
[dotenv@17.3.1] injecting env (5) from .env -- tip: 🔐 encrypt with Dotenvx: https://dotenvx.com
God-Tier Enterprise Server Initialized. PM2 Ready.
[dotenv@17.3.1] injecting env (5) from .env -- tip: ⚙️  load multiple .env files with { path: ['.env.local', '.env'] }
God-Tier Enterprise Server Initialized. PM2 Ready.
[dotenv@17.3.1] injecting env (5) from .env -- tip: ⚙️  enable debug logging with { debug: true }
God-Tier Enterprise Server Initialized. PM2 Ready.
[dotenv@17.3.1] injecting env (5) from .env -- tip: 🛠️  run anywhere with `dotenvx run -- yourcommand`
God-Tier Enterprise Server Initialized. PM2 Ready.
[dotenv@17.3.1] injecting env (5) from .env -- tip: 🔐 encrypt with Dotenvx: https://dotenvx.com
God-Tier Enterprise Server Initialized. PM2 Ready.
[dotenv@17.3.1] injecting env (5) from .env -- tip: ⚙️  suppress all logs with { quiet: true }
God-Tier Enterprise Server Initialized. PM2 Ready.
[CACHE_MISS] Fetching fresh OpenWeather API data for 13.67,123.01
[CACHE_MISS] Fetching fresh OpenWeather API data for 13.67,123.01
[CACHE_HIT] Served memory data for 13.67,123.01
[CACHE_HIT] Served memory data for 13.67,123.01
[CACHE_HIT] Served memory data for 13.67,123.01
[dotenv@17.3.1] injecting env (5) from .env -- tip: ⚙️  load multiple .env files with { path: ['.env.local', '.env'] }
God-Tier Enterprise Server Initialized. PM2 Ready.
[CACHE_MISS] Fetching fresh OpenWeather API data for 13.67,123.01
[CACHE_HIT] Served memory data for 13.67,123.01
